Start testing: Oct 18 15:26 Новосибирское стандартное время
----------------------------------------------------------
1/10 Testing: TestBitsArray.TestSwap
1/10 Test: TestBitsArray.TestSwap
Command: "C:/Users/Bedareva/Documents/STADING_NGU/OOP/Bit_Array/build/test/Debug/test_main_app.exe" "--gtest_filter=TestBitsArray.TestSwap" "--gtest_also_run_disabled_tests"
Directory: C:/Users/Bedareva/Documents/STADING_NGU/OOP/Bit_Array/build/test
"TestBitsArray.TestSwap" start time: Oct 18 15:26 Новосибирское стандартное время
Output:
----------------------------------------------------------
Running main() from C:\Users\Bedareva\Documents\STADING_NGU\OOP\Bit_Array\build\_deps\googletest-src\googletest\src\gtest_main.cc
Note: Google Test filter = TestBitsArray.TestSwap
[==========] Running 1 test from 1 test suite.
[----------] Global test environment set-up.
[----------] 1 test from TestBitsArray
[ RUN      ] TestBitsArray.TestSwap
[       OK ] TestBitsArray.TestSwap (0 ms)
[----------] 1 test from TestBitsArray (0 ms total)

[----------] Global test environment tear-down
[==========] 1 test from 1 test suite ran. (0 ms total)
[  PASSED  ] 1 test.
<end of output>
Test time =   0.01 sec
----------------------------------------------------------
Test Passed.
"TestBitsArray.TestSwap" end time: Oct 18 15:26 Новосибирское стандартное время
"TestBitsArray.TestSwap" time elapsed: 00:00:00
----------------------------------------------------------

2/10 Testing: TestBitsArray.TestResize
2/10 Test: TestBitsArray.TestResize
Command: "C:/Users/Bedareva/Documents/STADING_NGU/OOP/Bit_Array/build/test/Debug/test_main_app.exe" "--gtest_filter=TestBitsArray.TestResize" "--gtest_also_run_disabled_tests"
Directory: C:/Users/Bedareva/Documents/STADING_NGU/OOP/Bit_Array/build/test
"TestBitsArray.TestResize" start time: Oct 18 15:26 Новосибирское стандартное время
Output:
----------------------------------------------------------
Running main() from C:\Users\Bedareva\Documents\STADING_NGU\OOP\Bit_Array\build\_deps\googletest-src\googletest\src\gtest_main.cc
Note: Google Test filter = TestBitsArray.TestResize
[==========] Running 1 test from 1 test suite.
[----------] Global test environment set-up.
[----------] 1 test from TestBitsArray
[ RUN      ] TestBitsArray.TestResize
[       OK ] TestBitsArray.TestResize (0 ms)
[----------] 1 test from TestBitsArray (0 ms total)

[----------] Global test environment tear-down
[==========] 1 test from 1 test suite ran. (0 ms total)
[  PASSED  ] 1 test.
<end of output>
Test time =   0.01 sec
----------------------------------------------------------
Test Passed.
"TestBitsArray.TestResize" end time: Oct 18 15:26 Новосибирское стандартное время
"TestBitsArray.TestResize" time elapsed: 00:00:00
----------------------------------------------------------

3/10 Testing: TestBitsArray.TestPushBack
3/10 Test: TestBitsArray.TestPushBack
Command: "C:/Users/Bedareva/Documents/STADING_NGU/OOP/Bit_Array/build/test/Debug/test_main_app.exe" "--gtest_filter=TestBitsArray.TestPushBack" "--gtest_also_run_disabled_tests"
Directory: C:/Users/Bedareva/Documents/STADING_NGU/OOP/Bit_Array/build/test
"TestBitsArray.TestPushBack" start time: Oct 18 15:26 Новосибирское стандартное время
Output:
----------------------------------------------------------
Running main() from C:\Users\Bedareva\Documents\STADING_NGU\OOP\Bit_Array\build\_deps\googletest-src\googletest\src\gtest_main.cc
Note: Google Test filter = TestBitsArray.TestPushBack
[==========] Running 1 test from 1 test suite.
[----------] Global test environment set-up.
[----------] 1 test from TestBitsArray
[ RUN      ] TestBitsArray.TestPushBack
[       OK ] TestBitsArray.TestPushBack (0 ms)
[----------] 1 test from TestBitsArray (0 ms total)

[----------] Global test environment tear-down
[==========] 1 test from 1 test suite ran. (0 ms total)
[  PASSED  ] 1 test.
<end of output>
Test time =   0.01 sec
----------------------------------------------------------
Test Passed.
"TestBitsArray.TestPushBack" end time: Oct 18 15:26 Новосибирское стандартное время
"TestBitsArray.TestPushBack" time elapsed: 00:00:00
----------------------------------------------------------

4/10 Testing: TestBitsArray.TestSet
4/10 Test: TestBitsArray.TestSet
Command: "C:/Users/Bedareva/Documents/STADING_NGU/OOP/Bit_Array/build/test/Debug/test_main_app.exe" "--gtest_filter=TestBitsArray.TestSet" "--gtest_also_run_disabled_tests"
Directory: C:/Users/Bedareva/Documents/STADING_NGU/OOP/Bit_Array/build/test
"TestBitsArray.TestSet" start time: Oct 18 15:26 Новосибирское стандартное время
Output:
----------------------------------------------------------
Running main() from C:\Users\Bedareva\Documents\STADING_NGU\OOP\Bit_Array\build\_deps\googletest-src\googletest\src\gtest_main.cc
Note: Google Test filter = TestBitsArray.TestSet
[==========] Running 1 test from 1 test suite.
[----------] Global test environment set-up.
[----------] 1 test from TestBitsArray
[ RUN      ] TestBitsArray.TestSet
000100000000000000000000000000000[       OK ] TestBitsArray.TestSet (0 ms)
[----------] 1 test from TestBitsArray (0 ms total)

[----------] Global test environment tear-down
[==========] 1 test from 1 test suite ran. (0 ms total)
[  PASSED  ] 1 test.
<end of output>
Test time =   0.01 sec
----------------------------------------------------------
Test Passed.
"TestBitsArray.TestSet" end time: Oct 18 15:26 Новосибирское стандартное время
"TestBitsArray.TestSet" time elapsed: 00:00:00
----------------------------------------------------------

5/10 Testing: TestBitsArray.TestReset
5/10 Test: TestBitsArray.TestReset
Command: "C:/Users/Bedareva/Documents/STADING_NGU/OOP/Bit_Array/build/test/Debug/test_main_app.exe" "--gtest_filter=TestBitsArray.TestReset" "--gtest_also_run_disabled_tests"
Directory: C:/Users/Bedareva/Documents/STADING_NGU/OOP/Bit_Array/build/test
"TestBitsArray.TestReset" start time: Oct 18 15:26 Новосибирское стандартное время
Output:
----------------------------------------------------------
Running main() from C:\Users\Bedareva\Documents\STADING_NGU\OOP\Bit_Array\build\_deps\googletest-src\googletest\src\gtest_main.cc
Note: Google Test filter = TestBitsArray.TestReset
[==========] Running 1 test from 1 test suite.
[----------] Global test environment set-up.
[----------] 1 test from TestBitsArray
[ RUN      ] TestBitsArray.TestReset
[       OK ] TestBitsArray.TestReset (0 ms)
[----------] 1 test from TestBitsArray (0 ms total)

[----------] Global test environment tear-down
[==========] 1 test from 1 test suite ran. (0 ms total)
[  PASSED  ] 1 test.
<end of output>
Test time =   0.01 sec
----------------------------------------------------------
Test Passed.
"TestBitsArray.TestReset" end time: Oct 18 15:26 Новосибирское стандартное время
"TestBitsArray.TestReset" time elapsed: 00:00:00
----------------------------------------------------------

6/10 Testing: TestBitsArray.TestAnyNone
6/10 Test: TestBitsArray.TestAnyNone
Command: "C:/Users/Bedareva/Documents/STADING_NGU/OOP/Bit_Array/build/test/Debug/test_main_app.exe" "--gtest_filter=TestBitsArray.TestAnyNone" "--gtest_also_run_disabled_tests"
Directory: C:/Users/Bedareva/Documents/STADING_NGU/OOP/Bit_Array/build/test
"TestBitsArray.TestAnyNone" start time: Oct 18 15:26 Новосибирское стандартное время
Output:
----------------------------------------------------------
Running main() from C:\Users\Bedareva\Documents\STADING_NGU\OOP\Bit_Array\build\_deps\googletest-src\googletest\src\gtest_main.cc
Note: Google Test filter = TestBitsArray.TestAnyNone
[==========] Running 1 test from 1 test suite.
[----------] Global test environment set-up.
[----------] 1 test from TestBitsArray
[ RUN      ] TestBitsArray.TestAnyNone
[       OK ] TestBitsArray.TestAnyNone (0 ms)
[----------] 1 test from TestBitsArray (0 ms total)

[----------] Global test environment tear-down
[==========] 1 test from 1 test suite ran. (0 ms total)
[  PASSED  ] 1 test.
<end of output>
Test time =   0.01 sec
----------------------------------------------------------
Test Passed.
"TestBitsArray.TestAnyNone" end time: Oct 18 15:26 Новосибирское стандартное время
"TestBitsArray.TestAnyNone" time elapsed: 00:00:00
----------------------------------------------------------

7/10 Testing: TestBitsArray.TestCount
7/10 Test: TestBitsArray.TestCount
Command: "C:/Users/Bedareva/Documents/STADING_NGU/OOP/Bit_Array/build/test/Debug/test_main_app.exe" "--gtest_filter=TestBitsArray.TestCount" "--gtest_also_run_disabled_tests"
Directory: C:/Users/Bedareva/Documents/STADING_NGU/OOP/Bit_Array/build/test
"TestBitsArray.TestCount" start time: Oct 18 15:26 Новосибирское стандартное время
Output:
----------------------------------------------------------
Running main() from C:\Users\Bedareva\Documents\STADING_NGU\OOP\Bit_Array\build\_deps\googletest-src\googletest\src\gtest_main.cc
Note: Google Test filter = TestBitsArray.TestCount
[==========] Running 1 test from 1 test suite.
[----------] Global test environment set-up.
[----------] 1 test from TestBitsArray
[ RUN      ] TestBitsArray.TestCount
[       OK ] TestBitsArray.TestCount (0 ms)
[----------] 1 test from TestBitsArray (0 ms total)

[----------] Global test environment tear-down
[==========] 1 test from 1 test suite ran. (0 ms total)
[  PASSED  ] 1 test.
<end of output>
Test time =   0.01 sec
----------------------------------------------------------
Test Passed.
"TestBitsArray.TestCount" end time: Oct 18 15:26 Новосибирское стандартное время
"TestBitsArray.TestCount" time elapsed: 00:00:00
----------------------------------------------------------

8/10 Testing: TestBitsArray.TestEmptyClear
8/10 Test: TestBitsArray.TestEmptyClear
Command: "C:/Users/Bedareva/Documents/STADING_NGU/OOP/Bit_Array/build/test/Debug/test_main_app.exe" "--gtest_filter=TestBitsArray.TestEmptyClear" "--gtest_also_run_disabled_tests"
Directory: C:/Users/Bedareva/Documents/STADING_NGU/OOP/Bit_Array/build/test
"TestBitsArray.TestEmptyClear" start time: Oct 18 15:26 Новосибирское стандартное время
Output:
----------------------------------------------------------
Running main() from C:\Users\Bedareva\Documents\STADING_NGU\OOP\Bit_Array\build\_deps\googletest-src\googletest\src\gtest_main.cc
Note: Google Test filter = TestBitsArray.TestEmptyClear
[==========] Running 1 test from 1 test suite.
[----------] Global test environment set-up.
[----------] 1 test from TestBitsArray
[ RUN      ] TestBitsArray.TestEmptyClear
[       OK ] TestBitsArray.TestEmptyClear (0 ms)
[----------] 1 test from TestBitsArray (0 ms total)

[----------] Global test environment tear-down
[==========] 1 test from 1 test suite ran. (0 ms total)
[  PASSED  ] 1 test.
<end of output>
Test time =   0.01 sec
----------------------------------------------------------
Test Passed.
"TestBitsArray.TestEmptyClear" end time: Oct 18 15:26 Новосибирское стандартное время
"TestBitsArray.TestEmptyClear" time elapsed: 00:00:00
----------------------------------------------------------

9/10 Testing: TestBitsArray.TestIndex
9/10 Test: TestBitsArray.TestIndex
Command: "C:/Users/Bedareva/Documents/STADING_NGU/OOP/Bit_Array/build/test/Debug/test_main_app.exe" "--gtest_filter=TestBitsArray.TestIndex" "--gtest_also_run_disabled_tests"
Directory: C:/Users/Bedareva/Documents/STADING_NGU/OOP/Bit_Array/build/test
"TestBitsArray.TestIndex" start time: Oct 18 15:26 Новосибирское стандартное время
Output:
----------------------------------------------------------
Running main() from C:\Users\Bedareva\Documents\STADING_NGU\OOP\Bit_Array\build\_deps\googletest-src\googletest\src\gtest_main.cc
Note: Google Test filter = TestBitsArray.TestIndex
[==========] Running 1 test from 1 test suite.
[----------] Global test environment set-up.
[----------] 1 test from TestBitsArray
[ RUN      ] TestBitsArray.TestIndex
[       OK ] TestBitsArray.TestIndex (0 ms)
[----------] 1 test from TestBitsArray (0 ms total)

[----------] Global test environment tear-down
[==========] 1 test from 1 test suite ran. (0 ms total)
[  PASSED  ] 1 test.
<end of output>
Test time =   0.01 sec
----------------------------------------------------------
Test Passed.
"TestBitsArray.TestIndex" end time: Oct 18 15:26 Новосибирское стандартное время
"TestBitsArray.TestIndex" time elapsed: 00:00:00
----------------------------------------------------------

10/10 Testing: TestBitsArray.TestOperatorBit
10/10 Test: TestBitsArray.TestOperatorBit
Command: "C:/Users/Bedareva/Documents/STADING_NGU/OOP/Bit_Array/build/test/Debug/test_main_app.exe" "--gtest_filter=TestBitsArray.TestOperatorBit" "--gtest_also_run_disabled_tests"
Directory: C:/Users/Bedareva/Documents/STADING_NGU/OOP/Bit_Array/build/test
"TestBitsArray.TestOperatorBit" start time: Oct 18 15:26 Новосибирское стандартное время
Output:
----------------------------------------------------------
Running main() from C:\Users\Bedareva\Documents\STADING_NGU\OOP\Bit_Array\build\_deps\googletest-src\googletest\src\gtest_main.cc
Note: Google Test filter = TestBitsArray.TestOperatorBit
[==========] Running 1 test from 1 test suite.
[----------] Global test environment set-up.
[----------] 1 test from TestBitsArray
[ RUN      ] TestBitsArray.TestOperatorBit
00110000001000000000000000000001001
00110000001000000000000000000001001[       OK ] TestBitsArray.TestOperatorBit (0 ms)
[----------] 1 test from TestBitsArray (0 ms total)

[----------] Global test environment tear-down
[==========] 1 test from 1 test suite ran. (0 ms total)
[  PASSED  ] 1 test.
<end of output>
Test time =   0.01 sec
----------------------------------------------------------
Test Passed.
"TestBitsArray.TestOperatorBit" end time: Oct 18 15:26 Новосибирское стандартное время
"TestBitsArray.TestOperatorBit" time elapsed: 00:00:00
----------------------------------------------------------

End testing: Oct 18 15:26 Новосибирское стандартное время
